0,status,1,WEREWOLF,ALIVE,Sample5
0,status,2,VILLAGER,ALIVE,Sample9
0,status,3,IMMORALIST,ALIVE,Sample3
0,status,4,SEER,ALIVE,Sample2
0,status,5,FOX,ALIVE,Sample4
0,status,6,VILLAGER,ALIVE,Sample1
0,status,7,IMMORALIST,ALIVE,Sample7
0,status,8,VILLAGER,ALIVE,Sample6
0,divine,4,5,HUMAN
0,cursed,5,FOX
0,suicide,3,IMMORALIST
0,suicide,7,IMMORALIST
1,status,1,WEREWOLF,ALIVE,Sample5
1,status,2,VILLAGER,ALIVE,Sample9
1,status,3,IMMORALIST,DEAD,Sample3
1,status,4,SEER,ALIVE,Sample2
1,status,5,FOX,DEAD,Sample4
1,status,6,VILLAGER,ALIVE,Sample1
1,status,7,IMMORALIST,DEAD,Sample7
1,status,8,VILLAGER,ALIVE,Sample6
1,talk,0,0,4,COMINGOUT Agent[04] SEER
1,talk,1,0,1,VOTE Agent[08]
1,talk,2,0,8,VOTE Agent[06]
1,talk,3,0,6,VOTE Agent[01]
1,talk,4,0,2,VOTE Agent[01]
1,talk,5,1,8,REQUEST ANY (VOTE Agent[06])
1,talk,6,1,1,REQUEST ANY (VOTE Agent[08])
1,talk,7,1,6,REQUEST ANY (VOTE Agent[01])
1,talk,8,1,4,DAY 1 (DIVINED Agent[05] HUMAN)
1,talk,9,1,2,REQUEST ANY (VOTE Agent[01])
1,talk,10,2,6,DECLARED Agent[04] SEER
1,talk,11,2,8,DECLARED Agent[04] SEER
1,talk,12,2,4,DIVINED Agent[05] HUMAN
1,talk,13,2,1,Skip
1,talk,14,2,2,DECLARED Agent[04] SEER
1,talk,15,3,8,DECLARED Agent[05] FOX
1,talk,16,3,2,DECLARED Agent[05] FOX
1,talk,17,3,1,Skip
1,talk,18,3,4,DECLARED Agent[05] FOX
1,talk,19,3,6,DECLARED Agent[05] FOX
1,talk,20,4,4,DECLARED Agent[03] IMMORALIST
1,talk,21,4,6,VOTE Agent[08]
1,talk,22,4,1,Over
1,talk,23,4,8,VOTE Agent[01]
1,talk,24,4,2,Skip
1,talk,25,5,2,Skip
1,talk,26,5,4,DECLARED Agent[07] IMMORALIST
1,talk,27,5,1,Over
1,talk,28,5,6,REQUEST ANY (VOTE Agent[08])
1,talk,29,5,8,REQUEST ANY (VOTE Agent[01])
1,talk,30,6,4,VOTE Agent[06]
1,talk,31,6,8,VOTE Agent[06]
1,talk,32,6,6,Skip
1,talk,33,6,2,Over
1,talk,34,6,1,Over
1,talk,35,7,1,Over
1,talk,36,7,6,VOTE Agent[02]
1,talk,37,7,2,Over
1,talk,38,7,4,REQUEST ANY (VOTE Agent[06])
1,talk,39,7,8,REQUEST ANY (VOTE Agent[06])
1,talk,40,8,6,REQUEST ANY (VOTE Agent[02])
1,talk,41,8,4,VOTE Agent[01]
1,talk,42,8,2,VOTE Agent[06]
1,talk,43,8,8,Skip
1,talk,44,8,1,Over
1,talk,45,9,8,Skip
1,talk,46,9,6,Skip
1,talk,47,9,2,REQUEST ANY (VOTE Agent[06])
1,talk,48,9,4,REQUEST ANY (VOTE Agent[01])
1,talk,49,9,1,Over
1,talk,50,10,1,Over
1,talk,51,10,6,VOTE Agent[01]
1,talk,52,10,8,VOTE Agent[01]
1,talk,53,10,4,Over
1,talk,54,10,2,VOTE Agent[08]
1,talk,55,11,2,REQUEST ANY (VOTE Agent[08])
1,talk,56,11,1,Over
1,talk,57,11,8,REQUEST ANY (VOTE Agent[01])
1,talk,58,11,4,Over
1,talk,59,11,6,REQUEST ANY (VOTE Agent[01])
1,talk,60,12,1,Over
1,talk,61,12,8,Over
1,talk,62,12,2,Skip
1,talk,63,12,6,Over
1,talk,64,12,4,Over
1,talk,65,13,2,VOTE Agent[01]
1,talk,66,13,6,Over
1,talk,67,13,8,Over
1,talk,68,13,1,Over
1,talk,69,13,4,Over
1,talk,70,14,8,Over
1,talk,71,14,6,Over
1,talk,72,14,4,Over
1,talk,73,14,1,Over
1,talk,74,14,2,REQUEST ANY (VOTE Agent[01])
1,talk,75,15,4,Over
1,talk,76,15,8,Over
1,talk,77,15,2,Over
1,talk,78,15,6,Over
1,talk,79,15,1,Over
1,vote,1,6
1,vote,2,6
1,vote,4,1
1,vote,6,8
1,vote,8,6
1,execute,6,VILLAGER
1,divine,4,8,HUMAN
1,attackVote,1,4
1,attack,4,true
2,status,1,WEREWOLF,ALIVE,Sample5
2,status,2,VILLAGER,ALIVE,Sample9
2,status,3,IMMORALIST,DEAD,Sample3
2,status,4,SEER,DEAD,Sample2
2,status,5,FOX,DEAD,Sample4
2,status,6,VILLAGER,DEAD,Sample1
2,status,7,IMMORALIST,DEAD,Sample7
2,status,8,VILLAGER,ALIVE,Sample6
2,talk,0,0,8,DECLARED Agent[06] VILLAGER
2,talk,1,0,1,VOTE Agent[02]
2,talk,2,0,2,DECLARED Agent[06] VILLAGER
2,talk,3,1,2,DECLARED Agent[04] SEER
2,talk,4,1,8,DECLARED Agent[04] SEER
2,talk,5,1,1,REQUEST ANY (VOTE Agent[02])
2,talk,6,2,2,DECLARED Agent[05] FOX
2,talk,7,2,1,Skip
2,talk,8,2,8,DECLARED Agent[05] FOX
2,talk,9,3,8,VOTE Agent[02]
2,talk,10,3,2,VOTE Agent[08]
2,talk,11,3,1,Skip
2,talk,12,4,8,REQUEST ANY (VOTE Agent[02])
2,talk,13,4,2,REQUEST ANY (VOTE Agent[08])
2,talk,14,4,1,Over
2,talk,15,5,1,Over
2,talk,16,5,2,VOTE Agent[01]
2,talk,17,5,8,Skip
2,talk,18,6,1,Over
2,talk,19,6,2,REQUEST ANY (VOTE Agent[01])
2,talk,20,6,8,VOTE Agent[01]
2,talk,21,7,1,Over
2,talk,22,7,8,REQUEST ANY (VOTE Agent[01])
2,talk,23,7,2,Skip
2,talk,24,8,2,Skip
2,talk,25,8,1,Over
2,talk,26,8,8,VOTE Agent[02]
2,talk,27,9,8,REQUEST ANY (VOTE Agent[02])
2,talk,28,9,2,VOTE Agent[08]
2,talk,29,9,1,Over
2,talk,30,10,8,Skip
2,talk,31,10,2,REQUEST ANY (VOTE Agent[08])
2,talk,32,10,1,Over
2,talk,33,11,8,Skip
2,talk,34,11,1,Over
2,talk,35,11,2,Skip
2,talk,36,12,2,Skip
2,talk,37,12,8,Over
2,talk,38,12,1,Over
2,talk,39,13,8,Over
2,talk,40,13,1,Over
2,talk,41,13,2,Over
2,vote,1,2
2,vote,2,8
2,vote,8,1
2,vote,1,2
2,vote,2,8
2,vote,8,1
2,execute,1,WEREWOLF
3,status,1,WEREWOLF,DEAD,Sample5
3,status,2,VILLAGER,ALIVE,Sample9
3,status,3,IMMORALIST,DEAD,Sample3
3,status,4,SEER,DEAD,Sample2
3,status,5,FOX,DEAD,Sample4
3,status,6,VILLAGER,DEAD,Sample1
3,status,7,IMMORALIST,DEAD,Sample7
3,status,8,VILLAGER,ALIVE,Sample6
3,result,2,0,0,VILLAGER
