0,status,1,WEREWOLF,ALIVE,Sample5
0,status,2,VILLAGER,ALIVE,Sample9
0,status,3,IMMORALIST,ALIVE,Sample3
0,status,4,SEER,ALIVE,Sample2
0,status,5,FOX,ALIVE,Sample4
0,status,6,VILLAGER,ALIVE,Sample1
0,status,7,IMMORALIST,ALIVE,Sample7
0,status,8,VILLAGER,ALIVE,Sample6
0,divine,4,3,HUMAN
1,status,1,WEREWOLF,ALIVE,Sample5
1,status,2,VILLAGER,ALIVE,Sample9
1,status,3,IMMORALIST,ALIVE,Sample3
1,status,4,SEER,ALIVE,Sample2
1,status,5,FOX,ALIVE,Sample4
1,status,6,VILLAGER,ALIVE,Sample1
1,status,7,IMMORALIST,ALIVE,Sample7
1,status,8,VILLAGER,ALIVE,Sample6
1,talk,0,0,1,VOTE Agent[04]
1,talk,1,0,2,DECLARED FOX ALIVE
1,talk,2,0,5,VOTE Agent[01]
1,talk,3,0,3,VOTE Agent[07]
1,talk,4,0,4,DECLARED FOX ALIVE
1,talk,5,0,6,DECLARED FOX ALIVE
1,talk,6,0,7,VOTE Agent[01]
1,talk,7,0,8,DECLARED FOX ALIVE
1,talk,8,1,3,REQUEST ANY (VOTE Agent[07])
1,talk,9,1,7,REQUEST ANY (VOTE Agent[01])
1,talk,10,1,1,REQUEST ANY (VOTE Agent[04])
1,talk,11,1,2,VOTE Agent[01]
1,talk,12,1,4,VOTE Agent[06]
1,talk,13,1,6,VOTE Agent[03]
1,talk,14,1,8,VOTE Agent[04]
1,talk,15,1,5,REQUEST ANY (VOTE Agent[01])
1,talk,16,2,2,REQUEST ANY (VOTE Agent[01])
1,talk,17,2,6,REQUEST ANY (VOTE Agent[03])
1,talk,18,2,4,REQUEST ANY (VOTE Agent[06])
1,talk,19,2,8,REQUEST ANY (VOTE Agent[04])
1,talk,20,2,1,Skip
1,talk,21,2,7,VOTE Agent[08]
1,talk,22,2,5,Skip
1,talk,23,2,3,VOTE Agent[04]
1,talk,24,3,1,Skip
1,talk,25,3,7,REQUEST ANY (VOTE Agent[08])
1,talk,26,3,5,VOTE Agent[08]
1,talk,27,3,3,REQUEST ANY (VOTE Agent[04])
1,talk,28,3,8,VOTE Agent[05]
1,talk,29,3,6,VOTE Agent[07]
1,talk,30,3,4,VOTE Agent[01]
1,talk,31,3,2,Skip
1,talk,32,4,4,REQUEST ANY (VOTE Agent[01])
1,talk,33,4,1,Over
1,talk,34,4,5,REQUEST ANY (VOTE Agent[08])
1,talk,35,4,6,REQUEST ANY (VOTE Agent[07])
1,talk,36,4,7,VOTE Agent[03]
1,talk,37,4,3,VOTE Agent[08]
1,talk,38,4,8,REQUEST ANY (VOTE Agent[05])
1,talk,39,4,2,VOTE Agent[03]
1,talk,40,5,3,REQUEST ANY (VOTE Agent[08])
1,talk,41,5,4,Skip
1,talk,42,5,8,VOTE Agent[01]
1,talk,43,5,1,Over
1,talk,44,5,2,REQUEST ANY (VOTE Agent[03])
1,talk,45,5,6,VOTE Agent[02]
1,talk,46,5,5,Skip
1,talk,47,5,7,REQUEST ANY (VOTE Agent[03])
1,talk,48,6,8,REQUEST ANY (VOTE Agent[01])
1,talk,49,6,1,Over
1,talk,50,6,7,VOTE Agent[04]
1,talk,51,6,3,VOTE Agent[02]
1,talk,52,6,2,VOTE Agent[05]
1,talk,53,6,5,VOTE Agent[03]
1,talk,54,6,6,REQUEST ANY (VOTE Agent[02])
1,talk,55,6,4,VOTE Agent[07]
1,talk,56,7,5,REQUEST ANY (VOTE Agent[03])
1,talk,57,7,6,VOTE Agent[08]
1,talk,58,7,4,REQUEST ANY (VOTE Agent[07])
1,talk,59,7,7,REQUEST ANY (VOTE Agent[04])
1,talk,60,7,2,REQUEST ANY (VOTE Agent[05])
1,talk,61,7,8,VOTE Agent[03]
1,talk,62,7,3,REQUEST ANY (VOTE Agent[02])
1,talk,63,7,1,Over
1,talk,64,8,8,REQUEST ANY (VOTE Agent[03])
1,talk,65,8,4,VOTE Agent[08]
1,talk,66,8,2,VOTE Agent[08]
1,talk,67,8,1,Over
1,talk,68,8,5,VOTE Agent[02]
1,talk,69,8,7,VOTE Agent[02]
1,talk,70,8,3,Skip
1,talk,71,8,6,REQUEST ANY (VOTE Agent[08])
1,talk,72,9,3,Skip
1,talk,73,9,6,VOTE Agent[07]
1,talk,74,9,7,REQUEST ANY (VOTE Agent[02])
1,talk,75,9,4,REQUEST ANY (VOTE Agent[08])
1,talk,76,9,8,VOTE Agent[02]
1,talk,77,9,2,REQUEST ANY (VOTE Agent[08])
1,talk,78,9,5,REQUEST ANY (VOTE Agent[02])
1,talk,79,9,1,Over
1,talk,80,10,1,Over
1,talk,81,10,3,VOTE Agent[08]
1,talk,82,10,6,Over
1,talk,83,10,2,VOTE Agent[05]
1,talk,84,10,4,Skip
1,talk,85,10,5,VOTE Agent[04]
1,talk,86,10,8,Over
1,talk,87,10,7,Over
1,talk,88,11,5,REQUEST ANY (VOTE Agent[04])
1,talk,89,11,1,Over
1,talk,90,11,4,Skip
1,talk,91,11,3,REQUEST ANY (VOTE Agent[08])
1,talk,92,11,8,Over
1,talk,93,11,6,Over
1,talk,94,11,7,Over
1,talk,95,11,2,Over
1,talk,96,12,6,Over
1,talk,97,12,8,Over
1,talk,98,12,3,Over
1,talk,99,12,4,VOTE Agent[07]
1,talk,100,12,2,Over
1,talk,101,12,7,Over
1,talk,102,12,5,Over
1,talk,103,12,1,Over
1,talk,104,13,1,Over
1,talk,105,13,2,Over
1,talk,106,13,4,Over
1,talk,107,13,6,Over
1,talk,108,13,7,Over
1,talk,109,13,8,Over
1,talk,110,13,3,Over
1,talk,111,13,5,Over
1,vote,1,4
1,vote,2,3
1,vote,3,6
1,vote,4,8
1,vote,5,2
1,vote,6,7
1,vote,7,2
1,vote,8,2
1,execute,2,VILLAGER
1,divine,4,8,HUMAN
1,attackVote,1,5
1,attack,5,false
2,status,1,WEREWOLF,ALIVE,Sample5
2,status,2,VILLAGER,DEAD,Sample9
2,status,3,IMMORALIST,ALIVE,Sample3
2,status,4,SEER,ALIVE,Sample2
2,status,5,FOX,ALIVE,Sample4
2,status,6,VILLAGER,ALIVE,Sample1
2,status,7,IMMORALIST,ALIVE,Sample7
2,status,8,VILLAGER,ALIVE,Sample6
2,talk,0,0,7,VOTE Agent[08]
2,talk,1,0,3,VOTE Agent[07]
2,talk,2,0,4,COMINGOUT Agent[04] SEER
2,talk,3,0,5,VOTE Agent[03]
2,talk,4,0,8,DECLARED FOX ALIVE
2,talk,5,0,6,DECLARED FOX ALIVE
2,talk,6,0,1,VOTE Agent[07]
2,talk,7,1,4,AND (DAY 1 (DIVINED Agent[03] HUMAN)) (DAY 2 (DIVINED Agent[08] HUMAN))
2,talk,8,1,8,VOTE Agent[07]
2,talk,9,1,6,VOTE Agent[08]
2,talk,10,1,7,REQUEST ANY (VOTE Agent[08])
2,talk,11,1,3,REQUEST ANY (VOTE Agent[07])
2,talk,12,1,1,REQUEST ANY (VOTE Agent[07])
2,talk,13,1,5,REQUEST ANY (VOTE Agent[03])
2,talk,14,2,8,REQUEST ANY (VOTE Agent[07])
2,talk,15,2,7,VOTE Agent[03]
2,talk,16,2,6,REQUEST ANY (VOTE Agent[08])
2,talk,17,2,3,VOTE Agent[08]
2,talk,18,2,1,Skip
2,talk,19,2,4,DIVINED Agent[03] HUMAN
2,talk,20,2,5,VOTE Agent[08]
2,talk,21,3,8,VOTE Agent[01]
2,talk,22,3,4,DIVINED Agent[08] HUMAN
2,talk,23,3,6,VOTE Agent[01]
2,talk,24,3,7,REQUEST ANY (VOTE Agent[03])
2,talk,25,3,5,REQUEST ANY (VOTE Agent[08])
2,talk,26,3,3,REQUEST ANY (VOTE Agent[08])
2,talk,27,3,1,Skip
2,talk,28,4,4,DECLARED FOX ALIVE
2,talk,29,4,6,REQUEST ANY (VOTE Agent[01])
2,talk,30,4,1,Over
2,talk,31,4,7,Skip
2,talk,32,4,5,VOTE Agent[03]
2,talk,33,4,3,VOTE Agent[06]
2,talk,34,4,8,REQUEST ANY (VOTE Agent[01])
2,talk,35,5,6,Skip
2,talk,36,5,4,VOTE Agent[08]
2,talk,37,5,5,REQUEST ANY (VOTE Agent[03])
2,talk,38,5,3,REQUEST ANY (VOTE Agent[06])
2,talk,39,5,8,VOTE Agent[07]
2,talk,40,5,1,Over
2,talk,41,5,7,VOTE Agent[08]
2,talk,42,6,3,VOTE Agent[08]
2,talk,43,6,1,Over
2,talk,44,6,4,REQUEST ANY (VOTE Agent[08])
2,talk,45,6,7,REQUEST ANY (VOTE Agent[08])
2,talk,46,6,6,VOTE Agent[03]
2,talk,47,6,5,Skip
2,talk,48,6,8,REQUEST ANY (VOTE Agent[07])
2,talk,49,7,3,REQUEST ANY (VOTE Agent[08])
2,talk,50,7,6,REQUEST ANY (VOTE Agent[03])
2,talk,51,7,7,VOTE Agent[03]
2,talk,52,7,4,VOTE Agent[07]
2,talk,53,7,1,Over
2,talk,54,7,5,Skip
2,talk,55,7,8,VOTE Agent[01]
2,talk,56,8,1,Over
2,talk,57,8,5,Over
2,talk,58,8,6,VOTE Agent[07]
2,talk,59,8,4,REQUEST ANY (VOTE Agent[07])
2,talk,60,8,7,REQUEST ANY (VOTE Agent[03])
2,talk,61,8,8,REQUEST ANY (VOTE Agent[01])
2,talk,62,8,3,Skip
2,talk,63,9,7,Skip
2,talk,64,9,5,Over
2,talk,65,9,3,Skip
2,talk,66,9,4,VOTE Agent[05]
2,talk,67,9,6,REQUEST ANY (VOTE Agent[07])
2,talk,68,9,1,Over
2,talk,69,9,8,VOTE Agent[05]
2,talk,70,10,5,Over
2,talk,71,10,1,Over
2,talk,72,10,8,Over
2,talk,73,10,3,Over
2,talk,74,10,6,Skip
2,talk,75,10,4,Over
2,talk,76,10,7,VOTE Agent[08]
2,talk,77,11,4,Over
2,talk,78,11,6,VOTE Agent[08]
2,talk,79,11,8,Over
2,talk,80,11,5,Over
2,talk,81,11,1,Over
2,talk,82,11,3,Over
2,talk,83,11,7,REQUEST ANY (VOTE Agent[08])
2,talk,84,12,1,Over
2,talk,85,12,7,Over
2,talk,86,12,4,Over
2,talk,87,12,3,Over
2,talk,88,12,5,Over
2,talk,89,12,8,Over
2,talk,90,12,6,Over
2,vote,1,7
2,vote,3,8
2,vote,4,6
2,vote,5,7
2,vote,6,1
2,vote,7,3
2,vote,8,5
2,execute,7,IMMORALIST
2,divine,4,6,HUMAN
2,attackVote,1,5
2,attack,5,false
3,status,1,WEREWOLF,ALIVE,Sample5
3,status,2,VILLAGER,DEAD,Sample9
3,status,3,IMMORALIST,ALIVE,Sample3
3,status,4,SEER,ALIVE,Sample2
3,status,5,FOX,ALIVE,Sample4
3,status,6,VILLAGER,ALIVE,Sample1
3,status,7,IMMORALIST,DEAD,Sample7
3,status,8,VILLAGER,ALIVE,Sample6
3,talk,0,0,3,VOTE Agent[08]
3,talk,1,0,5,VOTE Agent[08]
3,talk,2,0,8,DECLARED FOX ALIVE
3,talk,3,0,4,DAY 3 (DIVINED Agent[06] HUMAN)
3,talk,4,0,1,VOTE Agent[03]
3,talk,5,0,6,DECLARED FOX ALIVE
3,talk,6,1,1,REQUEST ANY (VOTE Agent[03])
3,talk,7,1,4,DIVINED Agent[06] HUMAN
3,talk,8,1,8,VOTE Agent[04]
3,talk,9,1,6,VOTE Agent[04]
3,talk,10,1,5,REQUEST ANY (VOTE Agent[08])
3,talk,11,1,3,REQUEST ANY (VOTE Agent[08])
3,talk,12,2,5,DECLARED Agent[02] SEER
3,talk,13,2,3,VOTE Agent[04]
3,talk,14,2,1,Skip
3,talk,15,2,4,DECLARED FOX ALIVE
3,talk,16,2,8,REQUEST ANY (VOTE Agent[04])
3,talk,17,2,6,REQUEST ANY (VOTE Agent[04])
3,talk,18,3,5,BECAUSE (OR (ESTIMATE Agent[04] WEREWOLF) (ESTIMATE Agent[04] FOX) (ESTIMATE Agent[04] IMMORALIST)) (AND (VOTE Agent[04]) (REQUEST ANY (VOTE Agent[04])))
3,talk,19,3,1,Skip
3,talk,20,3,8,VOTE Agent[05]
3,talk,21,3,6,Skip
3,talk,22,3,3,REQUEST ANY (VOTE Agent[04])
3,talk,23,3,4,VOTE Agent[05]
3,talk,24,4,4,REQUEST ANY (VOTE Agent[05])
3,talk,25,4,5,VOTE Agent[04]
3,talk,26,4,3,VOTE Agent[06]
3,talk,27,4,8,REQUEST ANY (VOTE Agent[05])
3,talk,28,4,6,VOTE Agent[05]
3,talk,29,4,1,Over
3,talk,30,5,1,Over
3,talk,31,5,6,REQUEST ANY (VOTE Agent[05])
3,talk,32,5,4,VOTE Agent[01]
3,talk,33,5,5,REQUEST ANY (VOTE Agent[04])
3,talk,34,5,8,VOTE Agent[06]
3,talk,35,5,3,REQUEST ANY (VOTE Agent[06])
3,talk,36,6,1,Over
3,talk,37,6,4,REQUEST ANY (VOTE Agent[01])
3,talk,38,6,3,VOTE Agent[01]
3,talk,39,6,5,Skip
3,talk,40,6,6,VOTE Agent[01]
3,talk,41,6,8,REQUEST ANY (VOTE Agent[06])
3,talk,42,7,3,REQUEST ANY (VOTE Agent[01])
3,talk,43,7,6,REQUEST ANY (VOTE Agent[01])
3,talk,44,7,4,Skip
3,talk,45,7,8,VOTE Agent[01]
3,talk,46,7,5,Skip
3,talk,47,7,1,Over
3,talk,48,8,3,VOTE Agent[04]
3,talk,49,8,5,Over
3,talk,50,8,4,VOTE Agent[05]
3,talk,51,8,8,REQUEST ANY (VOTE Agent[01])
3,talk,52,8,6,Skip
3,talk,53,8,1,Over
3,talk,54,9,1,Over
3,talk,55,9,6,VOTE Agent[03]
3,talk,56,9,4,REQUEST ANY (VOTE Agent[05])
3,talk,57,9,8,Skip
3,talk,58,9,5,Over
3,talk,59,9,3,REQUEST ANY (VOTE Agent[04])
3,talk,60,10,4,Skip
3,talk,61,10,1,Over
3,talk,62,10,3,Over
3,talk,63,10,6,REQUEST ANY (VOTE Agent[03])
3,talk,64,10,8,VOTE Agent[05]
3,talk,65,10,5,Over
3,talk,66,11,4,VOTE Agent[01]
3,talk,67,11,3,Over
3,talk,68,11,5,Over
3,talk,69,11,1,Over
3,talk,70,11,6,VOTE Agent[08]
3,talk,71,11,8,Over
3,talk,72,12,5,Over
3,talk,73,12,4,Over
3,talk,74,12,8,Over
3,talk,75,12,1,Over
3,talk,76,12,3,Over
3,talk,77,12,6,Over
3,vote,1,3
3,vote,3,4
3,vote,4,1
3,vote,5,4
3,vote,6,4
3,vote,8,5
3,execute,4,SEER
3,attack,8,true
4,status,1,WEREWOLF,ALIVE,Sample5
4,status,2,VILLAGER,DEAD,Sample9
4,status,3,IMMORALIST,ALIVE,Sample3
4,status,4,SEER,DEAD,Sample2
4,status,5,FOX,ALIVE,Sample4
4,status,6,VILLAGER,ALIVE,Sample1
4,status,7,IMMORALIST,DEAD,Sample7
4,status,8,VILLAGER,DEAD,Sample6
4,talk,0,0,1,VOTE Agent[05]
4,talk,1,0,6,VOTE Agent[05]
4,talk,2,0,5,DECLARED Agent[02] SEER
4,talk,3,0,3,VOTE Agent[06]
4,talk,4,1,5,VOTE Agent[06]
4,talk,5,1,1,REQUEST ANY (VOTE Agent[05])
4,talk,6,1,6,REQUEST ANY (VOTE Agent[05])
4,talk,7,1,3,REQUEST ANY (VOTE Agent[06])
4,talk,8,2,3,VOTE Agent[01]
4,talk,9,2,1,Skip
4,talk,10,2,6,VOTE Agent[01]
4,talk,11,2,5,REQUEST ANY (VOTE Agent[06])
4,talk,12,3,6,REQUEST ANY (VOTE Agent[01])
4,talk,13,3,3,REQUEST ANY (VOTE Agent[01])
4,talk,14,3,1,Skip
4,talk,15,3,5,VOTE Agent[01]
4,talk,16,4,1,Over
4,talk,17,4,6,VOTE Agent[03]
4,talk,18,4,5,REQUEST ANY (VOTE Agent[01])
4,talk,19,4,3,Skip
4,talk,20,5,3,VOTE Agent[06]
4,talk,21,5,1,Over
4,talk,22,5,5,Skip
4,talk,23,5,6,REQUEST ANY (VOTE Agent[03])
4,talk,24,6,6,VOTE Agent[05]
4,talk,25,6,5,Skip
4,talk,26,6,1,Over
4,talk,27,6,3,REQUEST ANY (VOTE Agent[06])
4,talk,28,7,1,Over
4,talk,29,7,6,REQUEST ANY (VOTE Agent[05])
4,talk,30,7,3,Skip
4,talk,31,7,5,Over
4,talk,32,8,5,Over
4,talk,33,8,1,Over
4,talk,34,8,3,VOTE Agent[01]
4,talk,35,8,6,Skip
4,talk,36,9,1,Over
4,talk,37,9,3,REQUEST ANY (VOTE Agent[01])
4,talk,38,9,6,VOTE Agent[01]
4,talk,39,9,5,Over
4,talk,40,10,6,REQUEST ANY (VOTE Agent[01])
4,talk,41,10,3,VOTE Agent[06]
4,talk,42,10,5,Over
4,talk,43,10,1,Over
4,talk,44,11,1,Over
4,talk,45,11,3,REQUEST ANY (VOTE Agent[06])
4,talk,46,11,6,Over
4,talk,47,11,5,Over
4,talk,48,12,1,Over
4,talk,49,12,5,Over
4,talk,50,12,6,Over
4,talk,51,12,3,Over
4,vote,1,5
4,vote,3,1
4,vote,5,1
4,vote,6,1
4,execute,1,WEREWOLF
5,status,1,WEREWOLF,DEAD,Sample5
5,status,2,VILLAGER,DEAD,Sample9
5,status,3,IMMORALIST,ALIVE,Sample3
5,status,4,SEER,DEAD,Sample2
5,status,5,FOX,ALIVE,Sample4
5,status,6,VILLAGER,ALIVE,Sample1
5,status,7,IMMORALIST,DEAD,Sample7
5,status,8,VILLAGER,DEAD,Sample6
5,result,3,0,1,OTHERS
