0,status,1,WEREWOLF,ALIVE,Sample5
0,status,2,VILLAGER,ALIVE,Sample9
0,status,3,IMMORALIST,ALIVE,Sample3
0,status,4,SEER,ALIVE,Sample2
0,status,5,FOX,ALIVE,Sample4
0,status,6,VILLAGER,ALIVE,Sample1
0,status,7,IMMORALIST,ALIVE,Sample7
0,status,8,VILLAGER,ALIVE,Sample6
0,divine,4,1,WEREWOLF
1,status,1,WEREWOLF,ALIVE,Sample5
1,status,2,VILLAGER,ALIVE,Sample9
1,status,3,IMMORALIST,ALIVE,Sample3
1,status,4,SEER,ALIVE,Sample2
1,status,5,FOX,ALIVE,Sample4
1,status,6,VILLAGER,ALIVE,Sample1
1,status,7,IMMORALIST,ALIVE,Sample7
1,status,8,VILLAGER,ALIVE,Sample6
1,talk,0,0,4,COMINGOUT Agent[04] SEER
1,talk,1,0,2,DECLARED FOX ALIVE
1,talk,2,0,5,VOTE Agent[03]
1,talk,3,0,3,VOTE Agent[07]
1,talk,4,0,8,DECLARED FOX ALIVE
1,talk,5,0,1,VOTE Agent[03]
1,talk,6,0,6,DECLARED FOX ALIVE
1,talk,7,0,7,VOTE Agent[08]
1,talk,8,1,4,DAY 1 (DIVINED Agent[01] WEREWOLF)
1,talk,9,1,2,DECLARED Agent[04] SEER
1,talk,10,1,8,DECLARED Agent[04] SEER
1,talk,11,1,6,DECLARED Agent[04] SEER
1,talk,12,1,3,REQUEST ANY (VOTE Agent[07])
1,talk,13,1,5,REQUEST ANY (VOTE Agent[03])
1,talk,14,1,7,REQUEST ANY (VOTE Agent[08])
1,talk,15,1,1,REQUEST ANY (VOTE Agent[03])
1,talk,16,2,5,DECLARED Agent[04] SEER
1,talk,17,2,1,Skip
1,talk,18,2,7,DECLARED Agent[04] SEER
1,talk,19,2,2,DECLARED Agent[01] WEREWOLF
1,talk,20,2,4,DIVINED Agent[01] WEREWOLF
1,talk,21,2,8,DECLARED Agent[01] WEREWOLF
1,talk,22,2,6,DECLARED Agent[01] WEREWOLF
1,talk,23,2,3,DECLARED Agent[04] SEER
1,talk,24,3,2,VOTE Agent[07]
1,talk,25,3,4,DECLARED FOX ALIVE
1,talk,26,3,1,Skip
1,talk,27,3,8,VOTE Agent[03]
1,talk,28,3,6,VOTE Agent[03]
1,talk,29,3,5,DECLARED Agent[01] WEREWOLF
1,talk,30,3,3,DECLARED Agent[01] WEREWOLF
1,talk,31,3,7,DECLARED Agent[01] WEREWOLF
1,talk,32,4,1,Over
1,talk,33,4,5,VOTE Agent[07]
1,talk,34,4,4,DECLARED Agent[01] WEREWOLF
1,talk,35,4,6,REQUEST ANY (VOTE Agent[03])
1,talk,36,4,2,REQUEST ANY (VOTE Agent[07])
1,talk,37,4,8,REQUEST ANY (VOTE Agent[03])
1,talk,38,4,3,VOTE Agent[02]
1,talk,39,4,7,VOTE Agent[03]
1,talk,40,5,1,Over
1,talk,41,5,5,REQUEST ANY (VOTE Agent[07])
1,talk,42,5,4,VOTE Agent[01]
1,talk,43,5,6,VOTE Agent[08]
1,talk,44,5,8,VOTE Agent[02]
1,talk,45,5,2,VOTE Agent[08]
1,talk,46,5,3,REQUEST ANY (VOTE Agent[02])
1,talk,47,5,7,REQUEST ANY (VOTE Agent[03])
1,talk,48,6,7,VOTE Agent[02]
1,talk,49,6,4,REQUEST ANY (VOTE Agent[01])
1,talk,50,6,1,Over
1,talk,51,6,8,REQUEST ANY (VOTE Agent[02])
1,talk,52,6,5,VOTE Agent[03]
1,talk,53,6,6,REQUEST ANY (VOTE Agent[08])
1,talk,54,6,3,VOTE Agent[06]
1,talk,55,6,2,REQUEST ANY (VOTE Agent[08])
1,talk,56,7,1,Over
1,talk,57,7,6,VOTE Agent[02]
1,talk,58,7,8,VOTE Agent[07]
1,talk,59,7,5,REQUEST ANY (VOTE Agent[03])
1,talk,60,7,3,REQUEST ANY (VOTE Agent[06])
1,talk,61,7,7,REQUEST ANY (VOTE Agent[02])
1,talk,62,7,4,Skip
1,talk,63,7,2,VOTE Agent[03]
1,talk,64,8,3,VOTE Agent[08]
1,talk,65,8,4,Skip
1,talk,66,8,6,REQUEST ANY (VOTE Agent[02])
1,talk,67,8,8,REQUEST ANY (VOTE Agent[07])
1,talk,68,8,5,VOTE Agent[08]
1,talk,69,8,1,Over
1,talk,70,8,7,Skip
1,talk,71,8,2,REQUEST ANY (VOTE Agent[03])
1,talk,72,9,6,VOTE Agent[03]
1,talk,73,9,2,VOTE Agent[07]
1,talk,74,9,3,REQUEST ANY (VOTE Agent[08])
1,talk,75,9,7,VOTE Agent[06]
1,talk,76,9,1,Over
1,talk,77,9,4,Over
1,talk,78,9,8,VOTE Agent[02]
1,talk,79,9,5,REQUEST ANY (VOTE Agent[08])
1,talk,80,10,3,Over
1,talk,81,10,6,Over
1,talk,82,10,7,REQUEST ANY (VOTE Agent[06])
1,talk,83,10,5,Over
1,talk,84,10,1,Over
1,talk,85,10,4,Over
1,talk,86,10,2,Over
1,talk,87,10,8,Over
1,talk,88,11,4,Over
1,talk,89,11,2,Over
1,talk,90,11,8,Over
1,talk,91,11,3,Over
1,talk,92,11,5,Over
1,talk,93,11,6,Over
1,talk,94,11,7,Over
1,talk,95,11,1,Over
1,vote,1,3
1,vote,2,3
1,vote,3,8
1,vote,4,3
1,vote,5,6
1,vote,6,2
1,vote,7,3
1,vote,8,7
1,execute,3,IMMORALIST
1,divine,4,2,HUMAN
1,attackVote,1,4
1,attack,4,true
2,status,1,WEREWOLF,ALIVE,Sample5
2,status,2,VILLAGER,ALIVE,Sample9
2,status,3,IMMORALIST,DEAD,Sample3
2,status,4,SEER,DEAD,Sample2
2,status,5,FOX,ALIVE,Sample4
2,status,6,VILLAGER,ALIVE,Sample1
2,status,7,IMMORALIST,ALIVE,Sample7
2,status,8,VILLAGER,ALIVE,Sample6
2,talk,0,0,5,DECLARED Agent[04] SEER
2,talk,1,0,7,DECLARED Agent[04] SEER
2,talk,2,0,6,DECLARED Agent[04] SEER
2,talk,3,0,8,DECLARED Agent[04] SEER
2,talk,4,0,2,DECLARED Agent[04] SEER
2,talk,5,0,1,VOTE Agent[03]
2,talk,6,1,5,DECLARED Agent[01] WEREWOLF
2,talk,7,1,1,REQUEST ANY (VOTE Agent[03])
2,talk,8,1,8,DECLARED Agent[01] WEREWOLF
2,talk,9,1,2,DECLARED Agent[01] WEREWOLF
2,talk,10,1,6,DECLARED Agent[01] WEREWOLF
2,talk,11,1,7,DECLARED Agent[01] WEREWOLF
2,talk,12,2,5,VOTE Agent[01]
2,talk,13,2,2,VOTE Agent[01]
2,talk,14,2,7,VOTE Agent[01]
2,talk,15,2,1,Skip
2,talk,16,2,8,VOTE Agent[01]
2,talk,17,2,6,VOTE Agent[01]
2,talk,18,3,2,REQUEST ANY (VOTE Agent[01])
2,talk,19,3,8,REQUEST ANY (VOTE Agent[01])
2,talk,20,3,6,REQUEST ANY (VOTE Agent[01])
2,talk,21,3,7,REQUEST ANY (VOTE Agent[01])
2,talk,22,3,1,Skip
2,talk,23,3,5,REQUEST ANY (VOTE Agent[01])
2,talk,24,4,2,Skip
2,talk,25,4,8,Skip
2,talk,26,4,6,Skip
2,talk,27,4,7,Skip
2,talk,28,4,1,Over
2,talk,29,4,5,Skip
2,talk,30,5,5,Skip
2,talk,31,5,1,Over
2,talk,32,5,8,Skip
2,talk,33,5,6,Skip
2,talk,34,5,2,Skip
2,talk,35,5,7,Skip
2,talk,36,6,8,Over
2,talk,37,6,1,Over
2,talk,38,6,6,Over
2,talk,39,6,7,Over
2,talk,40,6,5,Over
2,talk,41,6,2,Over
2,vote,1,6
2,vote,2,1
2,vote,5,1
2,vote,6,1
2,vote,7,1
2,vote,8,1
2,execute,1,WEREWOLF
3,status,1,WEREWOLF,DEAD,Sample5
3,status,2,VILLAGER,ALIVE,Sample9
3,status,3,IMMORALIST,DEAD,Sample3
3,status,4,SEER,DEAD,Sample2
3,status,5,FOX,ALIVE,Sample4
3,status,6,VILLAGER,ALIVE,Sample1
3,status,7,IMMORALIST,ALIVE,Sample7
3,status,8,VILLAGER,ALIVE,Sample6
3,result,5,0,1,OTHERS
