0,status,1,VILLAGER,ALIVE,Sample1
0,status,2,SEER,ALIVE,Sample2
0,status,3,VILLAGER,ALIVE,Sample9
0,status,4,FOX,ALIVE,Sample4
0,status,5,VILLAGER,ALIVE,Sample6
0,status,6,IMMORALIST,ALIVE,Sample3
0,status,7,WEREWOLF,ALIVE,Sample5
0,status,8,IMMORALIST,ALIVE,Sample7
0,divine,2,8,HUMAN
1,status,1,VILLAGER,ALIVE,Sample1
1,status,2,SEER,ALIVE,Sample2
1,status,3,VILLAGER,ALIVE,Sample9
1,status,4,FOX,ALIVE,Sample4
1,status,5,VILLAGER,ALIVE,Sample6
1,status,6,IMMORALIST,ALIVE,Sample3
1,status,7,WEREWOLF,ALIVE,Sample5
1,status,8,IMMORALIST,ALIVE,Sample7
1,talk,0,0,5,VOTE Agent[01]
1,talk,1,0,3,VOTE Agent[04]
1,talk,2,0,1,VOTE Agent[02]
1,talk,3,0,8,VOTE Agent[05]
1,talk,4,0,6,VOTE Agent[02]
1,talk,5,0,4,VOTE Agent[08]
1,talk,6,0,2,VOTE Agent[06]
1,talk,7,0,7,VOTE Agent[01]
1,talk,8,1,1,REQUEST ANY (VOTE Agent[02])
1,talk,9,1,5,REQUEST ANY (VOTE Agent[01])
1,talk,10,1,3,REQUEST ANY (VOTE Agent[04])
1,talk,11,1,2,REQUEST ANY (VOTE Agent[06])
1,talk,12,1,8,REQUEST ANY (VOTE Agent[05])
1,talk,13,1,7,REQUEST ANY (VOTE Agent[01])
1,talk,14,1,4,REQUEST ANY (VOTE Agent[08])
1,talk,15,1,6,REQUEST ANY (VOTE Agent[02])
1,talk,16,2,3,Skip
1,talk,17,2,5,Skip
1,talk,18,2,1,Skip
1,talk,19,2,6,Skip
1,talk,20,2,4,Skip
1,talk,21,2,8,Skip
1,talk,22,2,2,Skip
1,talk,23,2,7,Skip
1,talk,24,3,7,Skip
1,talk,25,3,8,Skip
1,talk,26,3,6,Skip
1,talk,27,3,4,Skip
1,talk,28,3,3,Skip
1,talk,29,3,2,Skip
1,talk,30,3,1,Skip
1,talk,31,3,5,Skip
1,talk,32,4,2,Over
1,talk,33,4,5,Over
1,talk,34,4,4,Over
1,talk,35,4,1,Over
1,talk,36,4,6,Over
1,talk,37,4,3,Over
1,talk,38,4,8,Over
1,talk,39,4,7,Over
1,vote,1,6
1,vote,2,6
1,vote,3,7
1,vote,4,5
1,vote,5,3
1,vote,6,8
1,vote,7,1
1,vote,8,1
1,vote,1,6
1,vote,2,1
1,vote,3,1
1,vote,4,1
1,vote,5,1
1,vote,6,1
1,vote,7,1
1,vote,8,1
1,execute,1,VILLAGER
1,divine,2,3,HUMAN
1,attackVote,7,3
1,attack,3,true
2,status,1,VILLAGER,DEAD,Sample1
2,status,2,SEER,ALIVE,Sample2
2,status,3,VILLAGER,DEAD,Sample9
2,status,4,FOX,ALIVE,Sample4
2,status,5,VILLAGER,ALIVE,Sample6
2,status,6,IMMORALIST,ALIVE,Sample3
2,status,7,WEREWOLF,ALIVE,Sample5
2,status,8,IMMORALIST,ALIVE,Sample7
2,talk,0,0,2,VOTE Agent[04]
2,talk,1,0,7,VOTE Agent[02]
2,talk,2,0,8,VOTE Agent[05]
2,talk,3,0,5,VOTE Agent[02]
2,talk,4,0,6,VOTE Agent[08]
2,talk,5,0,4,VOTE Agent[06]
2,talk,6,1,8,REQUEST ANY (VOTE Agent[05])
2,talk,7,1,6,REQUEST ANY (VOTE Agent[08])
2,talk,8,1,2,REQUEST ANY (VOTE Agent[04])
2,talk,9,1,5,REQUEST ANY (VOTE Agent[02])
2,talk,10,1,4,REQUEST ANY (VOTE Agent[06])
2,talk,11,1,7,REQUEST ANY (VOTE Agent[02])
2,talk,12,2,8,Skip
2,talk,13,2,7,Skip
2,talk,14,2,2,Skip
2,talk,15,2,5,Skip
2,talk,16,2,6,Skip
2,talk,17,2,4,Skip
2,talk,18,3,2,Skip
2,talk,19,3,5,Skip
2,talk,20,3,6,Skip
2,talk,21,3,7,Skip
2,talk,22,3,8,Skip
2,talk,23,3,4,Skip
2,talk,24,4,7,Over
2,talk,25,4,2,Over
2,talk,26,4,4,Over
2,talk,27,4,5,Over
2,talk,28,4,8,Over
2,talk,29,4,6,Over
2,vote,2,4
2,vote,4,2
2,vote,5,6
2,vote,6,2
2,vote,7,2
2,vote,8,2
2,execute,2,SEER
2,attackVote,7,6
2,attack,6,true
3,status,1,VILLAGER,DEAD,Sample1
3,status,2,SEER,DEAD,Sample2
3,status,3,VILLAGER,DEAD,Sample9
3,status,4,FOX,ALIVE,Sample4
3,status,5,VILLAGER,ALIVE,Sample6
3,status,6,IMMORALIST,DEAD,Sample3
3,status,7,WEREWOLF,ALIVE,Sample5
3,status,8,IMMORALIST,ALIVE,Sample7
3,talk,0,0,8,VOTE Agent[05]
3,talk,1,0,4,VOTE Agent[07]
3,talk,2,0,7,VOTE Agent[08]
3,talk,3,0,5,VOTE Agent[07]
3,talk,4,1,4,REQUEST ANY (VOTE Agent[07])
3,talk,5,1,7,REQUEST ANY (VOTE Agent[08])
3,talk,6,1,8,REQUEST ANY (VOTE Agent[05])
3,talk,7,1,5,REQUEST ANY (VOTE Agent[07])
3,talk,8,2,8,Skip
3,talk,9,2,5,Skip
3,talk,10,2,4,Skip
3,talk,11,2,7,Skip
3,talk,12,3,8,Skip
3,talk,13,3,7,Skip
3,talk,14,3,5,Skip
3,talk,15,3,4,Skip
3,talk,16,4,8,Over
3,talk,17,4,4,Over
3,talk,18,4,5,Over
3,talk,19,4,7,Over
3,vote,4,5
3,vote,5,4
3,vote,7,8
3,vote,8,5
3,execute,5,VILLAGER
3,attackVote,7,4
3,attack,4,false
4,status,1,VILLAGER,DEAD,Sample1
4,status,2,SEER,DEAD,Sample2
4,status,3,VILLAGER,DEAD,Sample9
4,status,4,FOX,ALIVE,Sample4
4,status,5,VILLAGER,DEAD,Sample6
4,status,6,IMMORALIST,DEAD,Sample3
4,status,7,WEREWOLF,ALIVE,Sample5
4,status,8,IMMORALIST,ALIVE,Sample7
4,result,2,1,1,OTHERS
