0,status,1,VILLAGER,ALIVE,Sample1
0,status,2,SEER,ALIVE,Sample2
0,status,3,VILLAGER,ALIVE,Sample9
0,status,4,FOX,ALIVE,Sample4
0,status,5,VILLAGER,ALIVE,Sample6
0,status,6,IMMORALIST,ALIVE,Sample3
0,status,7,WEREWOLF,ALIVE,Sample5
0,status,8,IMMORALIST,ALIVE,Sample7
0,divine,2,4,HUMAN
0,cursed,4,FOX
0,suicide,6,IMMORALIST
0,suicide,8,IMMORALIST
1,status,1,VILLAGER,ALIVE,Sample1
1,status,2,SEER,ALIVE,Sample2
1,status,3,VILLAGER,ALIVE,Sample9
1,status,4,FOX,DEAD,Sample4
1,status,5,VILLAGER,ALIVE,Sample6
1,status,6,IMMORALIST,DEAD,Sample3
1,status,7,WEREWOLF,ALIVE,Sample5
1,status,8,IMMORALIST,DEAD,Sample7
1,talk,0,0,5,VOTE Agent[02]
1,talk,1,0,3,VOTE Agent[02]
1,talk,2,0,7,COMINGOUT Agent[07] SEER
1,talk,3,0,2,COMINGOUT Agent[02] SEER
1,talk,4,0,1,VOTE Agent[02]
1,talk,5,1,1,REQUEST ANY (VOTE Agent[02])
1,talk,6,1,7,DAY 1 (DIVINED Agent[08] HUMAN)
1,talk,7,1,3,REQUEST ANY (VOTE Agent[02])
1,talk,8,1,5,REQUEST ANY (VOTE Agent[02])
1,talk,9,1,2,DAY 1 (DIVINED Agent[04] HUMAN)
1,talk,10,2,5,Skip
1,talk,11,2,3,Skip
1,talk,12,2,7,DIVINED Agent[08] HUMAN
1,talk,13,2,1,Skip
1,talk,14,2,2,DIVINED Agent[04] HUMAN
1,talk,15,3,7,BECAUSE (AND (COMINGOUT Agent[07] SEER) (Agent[02] COMINGOUT Agent[02] SEER)) (XOR (ESTIMATE Agent[02] WEREWOLF) (ESTIMATE Agent[02] FOX))
1,talk,16,3,2,BECAUSE (AND (COMINGOUT Agent[02] SEER) (Agent[07] COMINGOUT Agent[07] SEER)) (XOR (ESTIMATE Agent[07] WEREWOLF) (ESTIMATE Agent[07] FOX))
1,talk,17,3,3,Skip
1,talk,18,3,5,Skip
1,talk,19,3,1,Skip
1,talk,20,4,2,BECAUSE (XOR (ESTIMATE Agent[07] WEREWOLF) (ESTIMATE Agent[07] FOX)) (AND (VOTE Agent[07]) (REQUEST ANY (VOTE Agent[07])))
1,talk,21,4,7,BECAUSE (XOR (ESTIMATE Agent[02] WEREWOLF) (ESTIMATE Agent[02] FOX)) (AND (VOTE Agent[02]) (REQUEST ANY (VOTE Agent[02])))
1,talk,22,4,5,Over
1,talk,23,4,1,Over
1,talk,24,4,3,Over
1,talk,25,5,5,Over
1,talk,26,5,3,Over
1,talk,27,5,7,VOTE Agent[02]
1,talk,28,5,2,VOTE Agent[07]
1,talk,29,5,1,Over
1,talk,30,6,2,REQUEST ANY (VOTE Agent[07])
1,talk,31,6,3,Over
1,talk,32,6,1,Over
1,talk,33,6,5,Over
1,talk,34,6,7,REQUEST ANY (VOTE Agent[02])
1,talk,35,7,7,Skip
1,talk,36,7,2,Skip
1,talk,37,7,5,Over
1,talk,38,7,3,Over
1,talk,39,7,1,Over
1,talk,40,8,5,Over
1,talk,41,8,2,Skip
1,talk,42,8,1,Over
1,talk,43,8,7,Skip
1,talk,44,8,3,Over
1,talk,45,9,5,Over
1,talk,46,9,7,Over
1,talk,47,9,3,Over
1,talk,48,9,2,Over
1,talk,49,9,1,Over
1,vote,1,2
1,vote,2,7
1,vote,3,2
1,vote,5,7
1,vote,7,2
1,execute,2,SEER
1,attackVote,7,1
1,attack,1,true
2,status,1,VILLAGER,DEAD,Sample1
2,status,2,SEER,DEAD,Sample2
2,status,3,VILLAGER,ALIVE,Sample9
2,status,4,FOX,DEAD,Sample4
2,status,5,VILLAGER,ALIVE,Sample6
2,status,6,IMMORALIST,DEAD,Sample3
2,status,7,WEREWOLF,ALIVE,Sample5
2,status,8,IMMORALIST,DEAD,Sample7
2,talk,0,0,5,VOTE Agent[03]
2,talk,1,0,7,DAY 2 (DIVINED Agent[03] WEREWOLF)
2,talk,2,0,3,BECAUSE (AND (COMINGOUT Agent[03] VILLAGER) (DAY 2 (Agent[07] DIVINED Agent[03] WEREWOLF))) (XOR (ESTIMATE Agent[07] WEREWOLF) (ESTIMATE Agent[07] FOX))
2,talk,3,1,3,BECAUSE (XOR (ESTIMATE Agent[07] WEREWOLF) (ESTIMATE Agent[07] FOX)) (AND (VOTE Agent[07]) (REQUEST ANY (VOTE Agent[07])))
2,talk,4,1,5,REQUEST ANY (VOTE Agent[03])
2,talk,5,1,7,DIVINED Agent[03] WEREWOLF
2,talk,6,2,3,VOTE Agent[07]
2,talk,7,2,5,Skip
2,talk,8,2,7,BECAUSE (DAY 2 (DIVINED Agent[03] WEREWOLF)) (AND (VOTE Agent[03]) (REQUEST ANY (VOTE Agent[03])))
2,talk,9,3,5,Skip
2,talk,10,3,7,VOTE Agent[03]
2,talk,11,3,3,REQUEST ANY (VOTE Agent[07])
2,talk,12,4,5,Over
2,talk,13,4,3,Skip
2,talk,14,4,7,REQUEST ANY (VOTE Agent[03])
2,talk,15,5,3,Skip
2,talk,16,5,5,Over
2,talk,17,5,7,Skip
2,talk,18,6,5,Over
2,talk,19,6,3,Over
2,talk,20,6,7,Skip
2,talk,21,7,3,Over
2,talk,22,7,5,Over
2,talk,23,7,7,Over
2,vote,3,7
2,vote,5,7
2,vote,7,3
2,execute,7,WEREWOLF
3,status,1,VILLAGER,DEAD,Sample1
3,status,2,SEER,DEAD,Sample2
3,status,3,VILLAGER,ALIVE,Sample9
3,status,4,FOX,DEAD,Sample4
3,status,5,VILLAGER,ALIVE,Sample6
3,status,6,IMMORALIST,DEAD,Sample3
3,status,7,WEREWOLF,DEAD,Sample5
3,status,8,IMMORALIST,DEAD,Sample7
3,result,2,0,0,VILLAGER
